Case #1: 1 0
Case #2: 1 0
Case #3: 1 1
Case #4: 0 0
Case #5: 500 499
Case #6: 0 0
Case #7: 0 0
Case #8: 1 0
Case #9: 0 0
Case #10: 0 0
Case #11: 1 1
Case #12: 1 0
Case #13: 3 3
Case #14: 7 6
Case #15: 1 0
Case #16: 1 0
Case #17: 0 0
Case #18: 1 1
Case #19: 0 0
Case #20: 1 1
Case #21: 0 0
Case #22: 0 0
Case #23: 0 0
Case #24: 250 249
Case #25: 0 0
Case #26: 0 0
Case #27: 0 0
Case #28: 3 2
Case #29: 1 0
Case #30: 1 1
Case #31: 0 0
Case #32: 0 0
Case #33: 1 0
Case #34: 1 0
Case #35: 1 0
Case #36: 1 1
Case #37: 3 2
Case #38: 0 0
Case #39: 0 0
Case #40: 0 0
Case #41: 0 0
Case #42: 3 3
Case #43: 0 0
Case #44: 0 0
Case #45: 3 3
Case #46: 0 0
Case #47: 0 0
Case #48: 1 1
Case #49: 0 0
Case #50: 0 0
Case #51: 499 499
Case #52: 2 1
Case #53: 1 0
Case #54: 1 0
Case #55: 1 0
Case #56: 1 0
Case #57: 0 0
Case #58: 0 0
Case #59: 1 1
Case #60: 0 0
Case #61: 249 249
Case #62: 1 0
Case #63: 0 0
Case #64: 1 1
Case #65: 1 0
Case #66: 0 0
Case #67: 0 0
Case #68: 0 0
Case #69: 0 0
Case #70: 0 0
Case #71: 0 0
Case #72: 0 0
Case #73: 0 0
Case #74: 0 0
Case #75: 0 0
Case #76: 1 0
Case #77: 1 0
Case #78: 3 3
Case #79: 0 0
Case #80: 1 1
Case #81: 125 124
Case #82: 1 0
Case #83: 1 0
Case #84: 0 0
Case #85: 0 0
Case #86: 3 2
Case #87: 0 0
Case #88: 0 0
Case #89: 0 0
Case #90: 7 6
Case #91: 2 2
Case #92: 0 0
Case #93: 250 249
Case #94: 1 1
Case #95: 0 0
Case #96: 0 0
Case #97: 3 2
Case #98: 0 0
Case #99: 0 0
Case #100: 0 0
